<?xml version="1.0" encoding="UTF-8"?>
<!-- Generated by org.testng.reporters.JUnitXMLReporter -->
<testsuite ignored="0" hostname="LAPTOP-JJGDLRKV" failures="0" tests="4" name="Cart Page Tests" time="26.795" errors="0" timestamp="2026-04-23T15:35:12 ICT">
  <testcase classname="tests.CheckoutTest" name="testCartIconNavigation" time="2.756"/>
  <testcase classname="tests.CheckoutTest" name="testCartIsEmpty" time="2.686"/>
  <testcase classname="tests.CheckoutTest" name="testCartPageLoads" time="2.835"/>
  <testcase classname="tests.CheckoutTest" name="testCartPageUrl" time="2.63"/>
</testsuite> <!-- Cart Page Tests -->
