<?xml version="1.0" encoding="UTF-8"?>
<!-- Generated by org.testng.reporters.JUnitXMLReporter -->
<testsuite ignored="0" hostname="LAPTOP-JJGDLRKV" failures="0" tests="4" name="Cart Page Tests" time="31.638" errors="0" timestamp="2026-04-23T15:24:44 ICT">
  <testcase classname="tests.CheckoutTest" name="testCartIconNavigation" time="2.539"/>
  <testcase classname="tests.CheckoutTest" name="testCartIsEmpty" time="5.312"/>
  <testcase classname="tests.CheckoutTest" name="testCartPageLoads" time="2.497"/>
  <testcase classname="tests.CheckoutTest" name="testCartPageUrl" time="2.496"/>
</testsuite> <!-- Cart Page Tests -->
