<?xml version="1.0" encoding="UTF-8"?>
<!-- Generated by org.testng.reporters.JUnitXMLReporter -->
<testsuite ignored="0" hostname="LAPTOP-JJGDLRKV" failures="0" tests="4" name="Homepage &amp; Login Tests" time="16.707" errors="0" timestamp="2026-04-23T15:23:07 ICT">
  <testcase classname="tests.LoginTest" name="testCartIconVisible" time="0.9"/>
  <testcase classname="tests.LoginTest" name="testHomePageDomain" time="0.022"/>
  <testcase classname="tests.LoginTest" name="testHomePageLoads" time="0.079"/>
  <testcase classname="tests.LoginTest" name="testHomePageTitle" time="0.018"/>
</testsuite> <!-- Homepage & Login Tests -->
