<?xml version="1.0" encoding="UTF-8"?>
<!-- Generated by org.testng.reporters.JUnitXMLReporter -->
<testsuite ignored="0" hostname="LAPTOP-JJGDLRKV" failures="0" tests="4" name="Homepage &amp; Login Tests" time="20.138" errors="0" timestamp="2026-04-23T15:33:30 ICT">
  <testcase classname="tests.LoginTest" name="testCartIconVisible" time="0.945"/>
  <testcase classname="tests.LoginTest" name="testHomePageDomain" time="0.042"/>
  <testcase classname="tests.LoginTest" name="testHomePageLoads" time="0.08"/>
  <testcase classname="tests.LoginTest" name="testHomePageTitle" time="0.021"/>
</testsuite> <!-- Homepage & Login Tests -->
