<?xml version="1.0" encoding="UTF-8"?>
<!-- Generated by org.testng.reporters.JUnitXMLReporter -->
<testsuite ignored="0" hostname="LAPTOP-JJGDLRKV" failures="0" tests="4" name="Product &amp; Cart Tests" time="39.528" errors="0" timestamp="2026-04-23T15:34:45 ICT">
  <testcase classname="tests.SearchAndCartTest" name="testProductPageHasAddToCart" time="5.295"/>
  <testcase classname="tests.SearchAndCartTest" name="testProductPageHasPrice" time="5.205"/>
  <testcase classname="tests.SearchAndCartTest" name="testSearchAndClickProduct" time="8.542"/>
  <testcase classname="tests.SearchAndCartTest" name="testSearchResultHasPrice" time="2.845"/>
</testsuite> <!-- Product & Cart Tests -->
