<?xml version="1.0" encoding="UTF-8"?>
<!-- Generated by org.testng.reporters.JUnitXMLReporter -->
<testsuite ignored="0" hostname="LAPTOP-JJGDLRKV" failures="0" tests="4" name="Product &amp; Cart Tests" time="34.44" errors="0" timestamp="2026-04-23T15:24:12 ICT">
  <testcase classname="tests.SearchAndCartTest" name="testProductPageHasAddToCart" time="6.052"/>
  <testcase classname="tests.SearchAndCartTest" name="testProductPageHasPrice" time="4.285"/>
  <testcase classname="tests.SearchAndCartTest" name="testSearchAndClickProduct" time="6.802"/>
  <testcase classname="tests.SearchAndCartTest" name="testSearchResultHasPrice" time="2.344"/>
</testsuite> <!-- Product & Cart Tests -->
