<?xml version="1.0" encoding="UTF-8"?>
<!-- Generated by org.testng.reporters.JUnitXMLReporter -->
<testsuite ignored="0" hostname="LAPTOP-JJGDLRKV" failures="0" tests="3" name="Search Tests" time="35.395" errors="0" timestamp="2026-04-23T15:34:06 ICT">
  <testcase classname="tests.SearchTest" name="testSearchFullResult" time="2.905"/>
  <testcase classname="tests.SearchTest" name="testSearchNoResult" time="16.69"/>
  <testcase classname="tests.SearchTest" name="testSearchSuggest" time="2.499"/>
</testsuite> <!-- Search Tests -->
