<?xml version="1.0" encoding="UTF-8"?>
<!-- Generated by org.testng.reporters.JUnitXMLReporter -->
<testsuite ignored="0" hostname="LAPTOP-JJGDLRKV" failures="0" tests="3" name="Search Tests" time="30.809" errors="0" timestamp="2026-04-23T15:23:38 ICT">
  <testcase classname="tests.SearchTest" name="testSearchFullResult" time="3.805"/>
  <testcase classname="tests.SearchTest" name="testSearchNoResult" time="13.258"/>
  <testcase classname="tests.SearchTest" name="testSearchSuggest" time="2.518"/>
</testsuite> <!-- Search Tests -->
