<?xml version="1.0" encoding="UTF-8"?>
<!-- Generated by org.testng.reporters.JUnitXMLReporter -->
<testsuite ignored="0" hostname="LAPTOP-JJGDLRKV" failures="0" tests="3" name="Surefire test" time="38.1" errors="0" timestamp="2026-04-23T14:29:20 ICT">
  <testcase classname="tests.SearchTest" name="testSearchFullResult" time="3.572"/>
  <testcase classname="tests.SearchTest" name="testSearchNoResult" time="13.075"/>
  <testcase classname="tests.SearchTest" name="testSearchSuggest" time="3.157"/>
</testsuite> <!-- Surefire test -->
