<?xml version="1.0" encoding="UTF-8"?>
<testng-results ignored="0" total="15" passed="15" failed="0" skipped="0">
  <reporter-output>
  </reporter-output>
  <suite started-at="2026-04-23T15:33:10 ICT" name="Thegioididong.com Test Suite" finished-at="2026-04-23T15:35:12 ICT" duration-ms="122074">
    <groups>
    </groups>
    <test started-at="2026-04-23T15:33:10 ICT" name="Homepage &amp; Login Tests" finished-at="2026-04-23T15:33:30 ICT" duration-ms="20138">
      <class name="tests.LoginTest">
        <test-method is-config="true" signature="setUp()[pri:0, instance:tests.LoginTest@479d31f3]" started-at="2026-04-23T15:33:10 ICT" name="setUp" finished-at="2026-04-23T15:33:15 ICT" duration-ms="4752" status="PASS">
          <reporter-output>
          </reporter-output>
        </test-method> <!-- setUp -->
        <test-method signature="testCartIconVisible()[pri:0, instance:tests.LoginTest@479d31f3]" started-at="2026-04-23T15:33:15 ICT" name="testCartIconVisible" description="Icon giỏ hàng hiển thị trên header" finished-at="2026-04-23T15:33:16 ICT" duration-ms="945" status="PASS">
          <reporter-output>
          </reporter-output>
        </test-method> <!-- testCartIconVisible -->
        <test-method is-config="true" signature="tearDown()[pri:0, instance:tests.LoginTest@479d31f3]" started-at="2026-04-23T15:33:16 ICT" name="tearDown" finished-at="2026-04-23T15:33:16 ICT" duration-ms="299" status="PASS">
          <reporter-output>
          </reporter-output>
        </test-method> <!-- tearDown -->
        <test-method is-config="true" signature="setUp()[pri:0, instance:tests.LoginTest@479d31f3]" started-at="2026-04-23T15:33:16 ICT" name="setUp" finished-at="2026-04-23T15:33:20 ICT" duration-ms="3789" status="PASS">
          <reporter-output>
          </reporter-output>
        </test-method> <!-- setUp -->
        <test-method signature="testHomePageDomain()[pri:0, instance:tests.LoginTest@479d31f3]" started-at="2026-04-23T15:33:20 ICT" name="testHomePageDomain" description="Trang chủ load đúng domain" finished-at="2026-04-23T15:33:20 ICT" duration-ms="42" status="PASS">
          <reporter-output>
          </reporter-output>
        </test-method> <!-- testHomePageDomain -->
        <test-method is-config="true" signature="tearDown()[pri:0, instance:tests.LoginTest@479d31f3]" started-at="2026-04-23T15:33:20 ICT" name="tearDown" finished-at="2026-04-23T15:33:20 ICT" duration-ms="225" status="PASS">
          <reporter-output>
          </reporter-output>
        </test-method> <!-- tearDown -->
        <test-method is-config="true" signature="setUp()[pri:0, instance:tests.LoginTest@479d31f3]" started-at="2026-04-23T15:33:20 ICT" name="setUp" finished-at="2026-04-23T15:33:23 ICT" duration-ms="3186" status="PASS">
          <reporter-output>
          </reporter-output>
        </test-method> <!-- setUp -->
        <test-method signature="testHomePageLoads()[pri:0, instance:tests.LoginTest@479d31f3]" started-at="2026-04-23T15:33:23 ICT" name="testHomePageLoads" description="Trang chủ load thành công - có thanh tìm kiếm" finished-at="2026-04-23T15:33:24 ICT" duration-ms="80" status="PASS">
          <reporter-output>
          </reporter-output>
        </test-method> <!-- testHomePageLoads -->
        <test-method is-config="true" signature="tearDown()[pri:0, instance:tests.LoginTest@479d31f3]" started-at="2026-04-23T15:33:24 ICT" name="tearDown" finished-at="2026-04-23T15:33:24 ICT" duration-ms="314" status="PASS">
          <reporter-output>
          </reporter-output>
        </test-method> <!-- tearDown -->
        <test-method is-config="true" signature="setUp()[pri:0, instance:tests.LoginTest@479d31f3]" started-at="2026-04-23T15:33:24 ICT" name="setUp" finished-at="2026-04-23T15:33:30 ICT" duration-ms="6226" status="PASS">
          <reporter-output>
          </reporter-output>
        </test-method> <!-- setUp -->
        <test-method signature="testHomePageTitle()[pri:0, instance:tests.LoginTest@479d31f3]" started-at="2026-04-23T15:33:30 ICT" name="testHomePageTitle" description="Tiêu đề trang chủ đúng" finished-at="2026-04-23T15:33:30 ICT" duration-ms="21" status="PASS">
          <reporter-output>
          </reporter-output>
        </test-method> <!-- testHomePageTitle -->
        <test-method is-config="true" signature="tearDown()[pri:0, instance:tests.LoginTest@479d31f3]" started-at="2026-04-23T15:33:30 ICT" name="tearDown" finished-at="2026-04-23T15:33:30 ICT" duration-ms="190" status="PASS">
          <reporter-output>
          </reporter-output>
        </test-method> <!-- tearDown -->
      </class> <!-- tests.LoginTest -->
    </test> <!-- Homepage & Login Tests -->
    <test started-at="2026-04-23T15:33:30 ICT" name="Search Tests" finished-at="2026-04-23T15:34:06 ICT" duration-ms="35395">
      <class name="tests.SearchTest">
        <test-method is-config="true" signature="setUp()[pri:0, instance:tests.SearchTest@293a5bf6]" started-at="2026-04-23T15:33:30 ICT" name="setUp" finished-at="2026-04-23T15:33:35 ICT" duration-ms="4390" status="PASS">
          <reporter-output>
          </reporter-output>
        </test-method> <!-- setUp -->
        <test-method signature="testSearchFullResult()[pri:0, instance:tests.SearchTest@293a5bf6]" started-at="2026-04-23T15:33:35 ICT" name="testSearchFullResult" description="Tìm kiếm và xem kết quả đầy đủ" finished-at="2026-04-23T15:33:38 ICT" duration-ms="2905" status="PASS">
          <reporter-output>
          </reporter-output>
        </test-method> <!-- testSearchFullResult -->
        <test-method is-config="true" signature="tearDown()[pri:0, instance:tests.SearchTest@293a5bf6]" started-at="2026-04-23T15:33:38 ICT" name="tearDown" finished-at="2026-04-23T15:33:38 ICT" duration-ms="183" status="PASS">
          <reporter-output>
          </reporter-output>
        </test-method> <!-- tearDown -->
        <test-method is-config="true" signature="setUp()[pri:0, instance:tests.SearchTest@293a5bf6]" started-at="2026-04-23T15:33:38 ICT" name="setUp" finished-at="2026-04-23T15:33:42 ICT" duration-ms="3943" status="PASS">
          <reporter-output>
          </reporter-output>
        </test-method> <!-- setUp -->
        <test-method signature="testSearchNoResult()[pri:0, instance:tests.SearchTest@293a5bf6]" started-at="2026-04-23T15:33:42 ICT" name="testSearchNoResult" description="Tìm kiếm từ khóa không tồn tại" finished-at="2026-04-23T15:33:59 ICT" duration-ms="16690" status="PASS">
          <reporter-output>
          </reporter-output>
        </test-method> <!-- testSearchNoResult -->
        <test-method is-config="true" signature="tearDown()[pri:0, instance:tests.SearchTest@293a5bf6]" started-at="2026-04-23T15:33:59 ICT" name="tearDown" finished-at="2026-04-23T15:33:59 ICT" duration-ms="226" status="PASS">
          <reporter-output>
          </reporter-output>
        </test-method> <!-- tearDown -->
        <test-method is-config="true" signature="setUp()[pri:0, instance:tests.SearchTest@293a5bf6]" started-at="2026-04-23T15:33:59 ICT" name="setUp" finished-at="2026-04-23T15:34:03 ICT" duration-ms="4353" status="PASS">
          <reporter-output>
          </reporter-output>
        </test-method> <!-- setUp -->
        <test-method signature="testSearchSuggest()[pri:0, instance:tests.SearchTest@293a5bf6]" started-at="2026-04-23T15:34:03 ICT" name="testSearchSuggest" description="Tìm kiếm hiện gợi ý sản phẩm" finished-at="2026-04-23T15:34:06 ICT" duration-ms="2499" status="PASS">
          <reporter-output>
          </reporter-output>
        </test-method> <!-- testSearchSuggest -->
        <test-method is-config="true" signature="tearDown()[pri:0, instance:tests.SearchTest@293a5bf6]" started-at="2026-04-23T15:34:06 ICT" name="tearDown" finished-at="2026-04-23T15:34:06 ICT" duration-ms="198" status="PASS">
          <reporter-output>
          </reporter-output>
        </test-method> <!-- tearDown -->
      </class> <!-- tests.SearchTest -->
    </test> <!-- Search Tests -->
    <test started-at="2026-04-23T15:34:06 ICT" name="Product &amp; Cart Tests" finished-at="2026-04-23T15:34:45 ICT" duration-ms="39528">
      <class name="tests.SearchAndCartTest">
        <test-method is-config="true" signature="setUp()[pri:0, instance:tests.SearchAndCartTest@409bf450]" started-at="2026-04-23T15:34:06 ICT" name="setUp" finished-at="2026-04-23T15:34:12 ICT" duration-ms="5731" status="PASS">
          <reporter-output>
          </reporter-output>
        </test-method> <!-- setUp -->
        <test-method signature="testProductPageHasAddToCart()[pri:0, instance:tests.SearchAndCartTest@409bf450]" started-at="2026-04-23T15:34:12 ICT" name="testProductPageHasAddToCart" description="Trang chi tiết sản phẩm có nút thêm vào giỏ" finished-at="2026-04-23T15:34:17 ICT" duration-ms="5295" status="PASS">
          <reporter-output>
          </reporter-output>
        </test-method> <!-- testProductPageHasAddToCart -->
        <test-method is-config="true" signature="tearDown()[pri:0, instance:tests.SearchAndCartTest@409bf450]" started-at="2026-04-23T15:34:17 ICT" name="tearDown" finished-at="2026-04-23T15:34:17 ICT" duration-ms="406" status="PASS">
          <reporter-output>
          </reporter-output>
        </test-method> <!-- tearDown -->
        <test-method is-config="true" signature="setUp()[pri:0, instance:tests.SearchAndCartTest@409bf450]" started-at="2026-04-23T15:34:17 ICT" name="setUp" finished-at="2026-04-23T15:34:21 ICT" duration-ms="3704" status="PASS">
          <reporter-output>
          </reporter-output>
        </test-method> <!-- setUp -->
        <test-method signature="testProductPageHasPrice()[pri:0, instance:tests.SearchAndCartTest@409bf450]" started-at="2026-04-23T15:34:21 ICT" name="testProductPageHasPrice" description="Trang sản phẩm hiển thị giá bán" finished-at="2026-04-23T15:34:26 ICT" duration-ms="5205" status="PASS">
          <reporter-output>
          </reporter-output>
        </test-method> <!-- testProductPageHasPrice -->
        <test-method is-config="true" signature="tearDown()[pri:0, instance:tests.SearchAndCartTest@409bf450]" started-at="2026-04-23T15:34:26 ICT" name="tearDown" finished-at="2026-04-23T15:34:27 ICT" duration-ms="313" status="PASS">
          <reporter-output>
          </reporter-output>
        </test-method> <!-- tearDown -->
        <test-method is-config="true" signature="setUp()[pri:0, instance:tests.SearchAndCartTest@409bf450]" started-at="2026-04-23T15:34:27 ICT" name="setUp" finished-at="2026-04-23T15:34:30 ICT" duration-ms="3655" status="PASS">
          <reporter-output>
          </reporter-output>
        </test-method> <!-- setUp -->
        <test-method signature="testSearchAndClickProduct()[pri:0, instance:tests.SearchAndCartTest@409bf450]" started-at="2026-04-23T15:34:30 ICT" name="testSearchAndClickProduct" description="Tìm kiếm iPhone và click vào sản phẩm đầu tiên" finished-at="2026-04-23T15:34:39 ICT" duration-ms="8542" status="PASS">
          <reporter-output>
          </reporter-output>
        </test-method> <!-- testSearchAndClickProduct -->
        <test-method is-config="true" signature="tearDown()[pri:0, instance:tests.SearchAndCartTest@409bf450]" started-at="2026-04-23T15:34:39 ICT" name="tearDown" finished-at="2026-04-23T15:34:39 ICT" duration-ms="194" status="PASS">
          <reporter-output>
          </reporter-output>
        </test-method> <!-- tearDown -->
        <test-method is-config="true" signature="setUp()[pri:0, instance:tests.SearchAndCartTest@409bf450]" started-at="2026-04-23T15:34:39 ICT" name="setUp" finished-at="2026-04-23T15:34:42 ICT" duration-ms="3440" status="PASS">
          <reporter-output>
          </reporter-output>
        </test-method> <!-- setUp -->
        <test-method signature="testSearchResultHasPrice()[pri:0, instance:tests.SearchAndCartTest@409bf450]" started-at="2026-04-23T15:34:42 ICT" name="testSearchResultHasPrice" description="Sản phẩm trong kết quả tìm kiếm có hiển thị giá" finished-at="2026-04-23T15:34:45 ICT" duration-ms="2845" status="PASS">
          <reporter-output>
          </reporter-output>
        </test-method> <!-- testSearchResultHasPrice -->
        <test-method is-config="true" signature="tearDown()[pri:0, instance:tests.SearchAndCartTest@409bf450]" started-at="2026-04-23T15:34:45 ICT" name="tearDown" finished-at="2026-04-23T15:34:45 ICT" duration-ms="195" status="PASS">
          <reporter-output>
          </reporter-output>
        </test-method> <!-- tearDown -->
      </class> <!-- tests.SearchAndCartTest -->
    </test> <!-- Product & Cart Tests -->
    <test started-at="2026-04-23T15:34:45 ICT" name="Cart Page Tests" finished-at="2026-04-23T15:35:12 ICT" duration-ms="26795">
      <class name="tests.CheckoutTest">
        <test-method is-config="true" signature="setUp()[pri:0, instance:tests.CheckoutTest@18078bef]" started-at="2026-04-23T15:34:45 ICT" name="setUp" finished-at="2026-04-23T15:34:49 ICT" duration-ms="3457" status="PASS">
          <reporter-output>
          </reporter-output>
        </test-method> <!-- setUp -->
        <test-method signature="testCartIconNavigation()[pri:0, instance:tests.CheckoutTest@18078bef]" started-at="2026-04-23T15:34:49 ICT" name="testCartIconNavigation" description="Click icon giỏ hàng chuyển trang thành công" finished-at="2026-04-23T15:34:52 ICT" duration-ms="2756" status="PASS">
          <reporter-output>
          </reporter-output>
        </test-method> <!-- testCartIconNavigation -->
        <test-method is-config="true" signature="tearDown()[pri:0, instance:tests.CheckoutTest@18078bef]" started-at="2026-04-23T15:34:52 ICT" name="tearDown" finished-at="2026-04-23T15:34:52 ICT" duration-ms="160" status="PASS">
          <reporter-output>
          </reporter-output>
        </test-method> <!-- tearDown -->
        <test-method is-config="true" signature="setUp()[pri:0, instance:tests.CheckoutTest@18078bef]" started-at="2026-04-23T15:34:52 ICT" name="setUp" finished-at="2026-04-23T15:34:56 ICT" duration-ms="4312" status="PASS">
          <reporter-output>
          </reporter-output>
        </test-method> <!-- setUp -->
        <test-method signature="testCartIsEmpty()[pri:0, instance:tests.CheckoutTest@18078bef]" started-at="2026-04-23T15:34:56 ICT" name="testCartIsEmpty" description="Giỏ hàng trống khi chưa thêm sản phẩm" finished-at="2026-04-23T15:34:59 ICT" duration-ms="2686" status="PASS">
          <reporter-output>
          </reporter-output>
        </test-method> <!-- testCartIsEmpty -->
        <test-method is-config="true" signature="tearDown()[pri:0, instance:tests.CheckoutTest@18078bef]" started-at="2026-04-23T15:34:59 ICT" name="tearDown" finished-at="2026-04-23T15:34:59 ICT" duration-ms="191" status="PASS">
          <reporter-output>
          </reporter-output>
        </test-method> <!-- tearDown -->
        <test-method is-config="true" signature="setUp()[pri:0, instance:tests.CheckoutTest@18078bef]" started-at="2026-04-23T15:34:59 ICT" name="setUp" finished-at="2026-04-23T15:35:03 ICT" duration-ms="3716" status="PASS">
          <reporter-output>
          </reporter-output>
        </test-method> <!-- setUp -->
        <test-method signature="testCartPageLoads()[pri:0, instance:tests.CheckoutTest@18078bef]" started-at="2026-04-23T15:35:03 ICT" name="testCartPageLoads" description="Trang giỏ hàng load thành công" finished-at="2026-04-23T15:35:06 ICT" duration-ms="2835" status="PASS">
          <reporter-output>
          </reporter-output>
        </test-method> <!-- testCartPageLoads -->
        <test-method is-config="true" signature="tearDown()[pri:0, instance:tests.CheckoutTest@18078bef]" started-at="2026-04-23T15:35:06 ICT" name="tearDown" finished-at="2026-04-23T15:35:06 ICT" duration-ms="240" status="PASS">
          <reporter-output>
          </reporter-output>
        </test-method> <!-- tearDown -->
        <test-method is-config="true" signature="setUp()[pri:0, instance:tests.CheckoutTest@18078bef]" started-at="2026-04-23T15:35:06 ICT" name="setUp" finished-at="2026-04-23T15:35:09 ICT" duration-ms="3664" status="PASS">
          <reporter-output>
          </reporter-output>
        </test-method> <!-- setUp -->
        <test-method signature="testCartPageUrl()[pri:0, instance:tests.CheckoutTest@18078bef]" started-at="2026-04-23T15:35:09 ICT" name="testCartPageUrl" description="URL trang giỏ hàng chứa /cart" finished-at="2026-04-23T15:35:12 ICT" duration-ms="2630" status="PASS">
          <reporter-output>
          </reporter-output>
        </test-method> <!-- testCartPageUrl -->
        <test-method is-config="true" signature="tearDown()[pri:0, instance:tests.CheckoutTest@18078bef]" started-at="2026-04-23T15:35:12 ICT" name="tearDown" finished-at="2026-04-23T15:35:12 ICT" duration-ms="134" status="PASS">
          <reporter-output>
          </reporter-output>
        </test-method> <!-- tearDown -->
      </class> <!-- tests.CheckoutTest -->
    </test> <!-- Cart Page Tests -->
  </suite> <!-- Thegioididong.com Test Suite -->
</testng-results>
