<?xml version="1.0" encoding="UTF-8"?>
<!-- Generated by org.testng.reporters.JUnitReportReporter -->
<testsuite hostname="LAPTOP-JJGDLRKV" failures="0" tests="4" name="tests.LoginTest" time="20.069" errors="0" timestamp="2026-04-23T15:35:12 ICT" skipped="0">
  <testcase classname="tests.LoginTest" name="testCartIconVisible" time="4.445"/>
  <testcase classname="tests.LoginTest" name="testHomePageDomain" time="4.021"/>
  <testcase classname="tests.LoginTest" name="testHomePageLoads" time="6.605"/>
  <testcase classname="tests.LoginTest" name="testHomePageTitle" time="4.998"/>
</testsuite> <!-- tests.LoginTest -->
