<?xml version="1.0" encoding="UTF-8"?>
<!-- Generated by org.testng.reporters.JUnitReportReporter -->
<testsuite hostname="LAPTOP-JJGDLRKV" failures="0" tests="4" name="tests.SearchAndCartTest" time="39.525" errors="0" timestamp="2026-04-23T15:35:12 ICT" skipped="0">
  <testcase classname="tests.SearchAndCartTest" name="testSearchResultHasPrice" time="6.744"/>
  <testcase classname="tests.SearchAndCartTest" name="testProductPageHasPrice" time="9.054"/>
  <testcase classname="tests.SearchAndCartTest" name="testSearchAndClickProduct" time="12.388"/>
  <testcase classname="tests.SearchAndCartTest" name="testProductPageHasAddToCart" time="11.339"/>
</testsuite> <!-- tests.SearchAndCartTest -->
