<?xml version="1.0" encoding="UTF-8"?>
<!-- Generated by org.testng.reporters.JUnitReportReporter -->
<testsuite hostname="LAPTOP-JJGDLRKV" failures="0" tests="4" name="tests.CheckoutTest" time="31.635" errors="0" timestamp="2026-04-23T15:24:44 ICT" skipped="0">
  <testcase classname="tests.CheckoutTest" name="testCartIconNavigation" time="6.570"/>
  <testcase classname="tests.CheckoutTest" name="testCartPageLoads" time="6.612"/>
  <testcase classname="tests.CheckoutTest" name="testCartPageUrl" time="6.472"/>
  <testcase classname="tests.CheckoutTest" name="testCartIsEmpty" time="11.981"/>
</testsuite> <!-- tests.CheckoutTest -->
