<?xml version="1.0" encoding="UTF-8"?>
<!-- Generated by org.testng.reporters.JUnitReportReporter -->
<testsuite hostname="LAPTOP-JJGDLRKV" failures="0" tests="4" name="tests.CheckoutTest" time="26.781" errors="0" timestamp="2026-04-23T15:35:12 ICT" skipped="0">
  <testcase classname="tests.CheckoutTest" name="testCartPageUrl" time="6.247"/>
  <testcase classname="tests.CheckoutTest" name="testCartIconNavigation" time="7.259"/>
  <testcase classname="tests.CheckoutTest" name="testCartPageLoads" time="6.739"/>
  <testcase classname="tests.CheckoutTest" name="testCartIsEmpty" time="6.536"/>
</testsuite> <!-- tests.CheckoutTest -->
