<?xml version="1.0" encoding="UTF-8"?>
<!-- Generated by org.testng.reporters.JUnitReportReporter -->
<testsuite hostname="LAPTOP-JJGDLRKV" failures="0" tests="4" name="tests.SearchAndCartTest" time="34.433" errors="0" timestamp="2026-04-23T15:24:44 ICT" skipped="0">
  <testcase classname="tests.SearchAndCartTest" name="testSearchResultHasPrice" time="6.416"/>
  <testcase classname="tests.SearchAndCartTest" name="testProductPageHasPrice" time="7.428"/>
  <testcase classname="tests.SearchAndCartTest" name="testProductPageHasAddToCart" time="9.668"/>
  <testcase classname="tests.SearchAndCartTest" name="testSearchAndClickProduct" time="10.921"/>
</testsuite> <!-- tests.SearchAndCartTest -->
