<?xml version="1.0" encoding="UTF-8"?>
<!-- Generated by org.testng.reporters.JUnitReportReporter -->
<testsuite hostname="LAPTOP-JJGDLRKV" failures="0" tests="3" name="tests.SearchTest" time="35.387" errors="0" timestamp="2026-04-23T15:35:12 ICT" skipped="0">
  <testcase classname="tests.SearchTest" name="testSearchNoResult" time="21.278"/>
  <testcase classname="tests.SearchTest" name="testSearchFullResult" time="7.441"/>
  <testcase classname="tests.SearchTest" name="testSearchSuggest" time="6.668"/>
</testsuite> <!-- tests.SearchTest -->
