<?xml version="1.0" encoding="UTF-8"?>
<!-- Generated by org.testng.reporters.JUnitReportReporter -->
<testsuite hostname="LAPTOP-JJGDLRKV" failures="0" tests="3" name="tests.SearchTest" time="38.048" errors="0" timestamp="2026-04-23T14:29:20 ICT" skipped="0">
  <testcase classname="tests.SearchTest" name="testSearchFullResult" time="10.455"/>
  <testcase classname="tests.SearchTest" name="testSearchNoResult" time="19.005"/>
  <testcase classname="tests.SearchTest" name="testSearchSuggest" time="8.588"/>
</testsuite> <!-- tests.SearchTest -->
