<?xml version="1.0" encoding="UTF-8"?>
<!-- Generated by org.testng.reporters.JUnitReportReporter -->
<testsuite hostname="LAPTOP-JJGDLRKV" failures="0" tests="4" name="tests.LoginTest" time="16.596" errors="0" timestamp="2026-04-23T15:24:44 ICT" skipped="0">
  <testcase classname="tests.LoginTest" name="testCartIconVisible" time="5.055"/>
  <testcase classname="tests.LoginTest" name="testHomePageDomain" time="3.559"/>
  <testcase classname="tests.LoginTest" name="testHomePageTitle" time="3.138"/>
  <testcase classname="tests.LoginTest" name="testHomePageLoads" time="4.844"/>
</testsuite> <!-- tests.LoginTest -->
